2023-01-29 15:53:37.682  INFO 15112 --- [restartedMain] com.whs.BlogApplication                  : Starting BlogApplication using Java 1.8.0_341 on LAPTOP-GO4PRNTQ with PID 15112 (D:\IDEA\blog\target\classes started by 86157 in D:\IDEA\blog)
2023-01-29 15:53:37.692 DEBUG 15112 --- [restartedMain] com.whs.BlogApplication                  : Running with Spring Boot v2.6.11, Spring v5.3.22
2023-01-29 15:53:37.696  INFO 15112 --- [restartedMain] com.whs.BlogApplication                  : No active profile set, falling back to 1 default profile: "default"
2023-01-29 15:53:37.759  INFO 15112 --- [restartedMain] .e.DevToolsPropertyDefaultsPostProcessor : Devtools property defaults active! Set 'spring.devtools.add-properties' to 'false' to disable
2023-01-29 15:53:37.760  INFO 15112 --- [restartedMain] .e.DevToolsPropertyDefaultsPostProcessor : For additional web related logging consider setting the 'logging.level.web' property to 'DEBUG'
2023-01-29 15:53:38.626  INFO 15112 --- [restartedMain] .s.d.r.c.RepositoryConfigurationDelegate : Bootstrapping Spring Data JPA repositories in DEFAULT mode.
2023-01-29 15:53:38.712  INFO 15112 --- [restartedMain] .s.d.r.c.RepositoryConfigurationDelegate : Finished Spring Data repository scanning in 75 ms. Found 6 JPA repository interfaces.
2023-01-29 15:53:39.618  INFO 15112 --- [restartedMain] o.s.b.w.embedded.tomcat.TomcatWebServer  : Tomcat initialized with port(s): 8090 (http)
2023-01-29 15:53:39.620  INFO 15112 --- [restartedMain] o.a.catalina.core.AprLifecycleListener   : Loaded Apache Tomcat Native library [1.2.35] using APR version [1.7.0].
2023-01-29 15:53:39.620  INFO 15112 --- [restartedMain] o.a.catalina.core.AprLifecycleListener   : APR capabilities: IPv6 [true], sendfile [true], accept filters [false], random [true], UDS [true].
2023-01-29 15:53:39.621  INFO 15112 --- [restartedMain] o.a.catalina.core.AprLifecycleListener   : APR/OpenSSL configuration: useAprConnector [false], useOpenSSL [true]
2023-01-29 15:53:39.642  INFO 15112 --- [restartedMain] o.a.catalina.core.AprLifecycleListener   : OpenSSL successfully initialized [OpenSSL 1.1.1q  5 Jul 2022]
2023-01-29 15:53:39.651  INFO 15112 --- [restartedMain] o.apache.catalina.core.StandardService   : Starting service [Tomcat]
2023-01-29 15:53:39.651  INFO 15112 --- [restartedMain] org.apache.catalina.core.StandardEngine  : Starting Servlet engine: [Apache Tomcat/9.0.65]
2023-01-29 15:53:39.791  INFO 15112 --- [restartedMain] o.a.c.c.C.[Tomcat].[localhost].[/]       : Initializing Spring embedded WebApplicationContext
2023-01-29 15:53:39.791  INFO 15112 --- [restartedMain] w.s.c.ServletWebServerApplicationContext : Root WebApplicationContext: initialization completed in 2031 ms
2023-01-29 15:53:39.999  INFO 15112 --- [restartedMain] o.hibernate.jpa.internal.util.LogHelper  : HHH000204: Processing PersistenceUnitInfo [name: default]
2023-01-29 15:53:40.054  INFO 15112 --- [restartedMain] org.hibernate.Version                    : HHH000412: Hibernate ORM core version 5.6.10.Final
2023-01-29 15:53:40.226  INFO 15112 --- [restartedMain] o.hibernate.annotations.common.Version   : HCANN000001: Hibernate Commons Annotations {5.1.2.Final}
2023-01-29 15:53:40.358  INFO 15112 --- [restartedMain] com.zaxxer.hikari.HikariDataSource       : defaultDataSource - Starting...
2023-01-29 15:53:41.014  INFO 15112 --- [restartedMain] com.zaxxer.hikari.HikariDataSource       : defaultDataSource - Start completed.
2023-01-29 15:53:41.027  INFO 15112 --- [restartedMain] org.hibernate.dialect.Dialect            : HHH000400: Using dialect: org.hibernate.dialect.MySQL57Dialect
2023-01-29 15:53:41.890  INFO 15112 --- [restartedMain] o.h.e.t.j.p.i.JtaPlatformInitiator       : HHH000490: Using JtaPlatform implementation: [org.hibernate.engine.transaction.jta.platform.internal.NoJtaPlatform]
2023-01-29 15:53:41.898  INFO 15112 --- [restartedMain] j.LocalContainerEntityManagerFactoryBean : Initialized JPA EntityManagerFactory for persistence unit 'default'
2023-01-29 15:53:42.989  WARN 15112 --- [restartedMain] JpaBaseConfiguration$JpaWebConfiguration : spring.jpa.open-in-view is enabled by default. Therefore, database queries may be performed during view rendering. Explicitly configure spring.jpa.open-in-view to disable this warning
2023-01-29 15:53:43.279  INFO 15112 --- [restartedMain] o.s.b.a.w.s.WelcomePageHandlerMapping    : Adding welcome page template: index
2023-01-29 15:53:43.389  WARN 15112 --- [restartedMain] org.thymeleaf.templatemode.TemplateMode  : [THYMELEAF][restartedMain] Template Mode 'HTML5' is deprecated. Using Template Mode 'HTML' instead.
2023-01-29 15:53:43.759  INFO 15112 --- [restartedMain] o.s.b.d.a.OptionalLiveReloadServer       : LiveReload server is running on port 35729
2023-01-29 15:53:43.806  INFO 15112 --- [restartedMain] o.s.b.w.embedded.tomcat.TomcatWebServer  : Tomcat started on port(s): 8090 (http) with context path ''
2023-01-29 15:53:43.817  INFO 15112 --- [restartedMain] com.whs.BlogApplication                  : Started BlogApplication in 6.995 seconds (JVM running for 8.616)
2023-01-29 15:53:49.360  INFO 15112 --- [http-nio-8090-exec-1] o.a.c.c.C.[Tomcat].[localhost].[/]       : Initializing Spring DispatcherServlet 'dispatcherServlet'
2023-01-29 15:53:49.361  INFO 15112 --- [http-nio-8090-exec-1] o.s.web.servlet.DispatcherServlet        : Initializing Servlet 'dispatcherServlet'
2023-01-29 15:53:49.362  INFO 15112 --- [http-nio-8090-exec-1] o.s.web.servlet.DispatcherServlet        : Completed initialization in 1 ms
2023-01-29 15:53:49.398  INFO 15112 --- [http-nio-8090-exec-1] com.whs.Aop.logAop                       : Request :{}RequestLog{url='http://localhost:8090/', ip='0:0:0:0:0:0:0:1', classMethod='com.whs.web.IdexController.index', args=[Page request [number: 0, size 8, sort: updateTime: DESC], {}]}
2023-01-29 15:53:49.418  WARN 15112 --- [http-nio-8090-exec-1] org.hibernate.orm.deprecation            : HHH90000016: Found use of deprecated 'collection property' syntax in HQL/JPQL query [t.blogs.size]; use collection function syntax instead [size(t.blogs)].
2023-01-29 15:53:49.486  WARN 15112 --- [http-nio-8090-exec-1] org.hibernate.orm.deprecation            : HHH90000016: Found use of deprecated 'collection property' syntax in HQL/JPQL query [t.blogs.size]; use collection function syntax instead [size(t.blogs)].
2023-01-29 15:53:49.565  INFO 15112 --- [http-nio-8090-exec-1] com.whs.Aop.logAop                       : Result: {}index
2023-01-29 15:53:49.565  INFO 15112 --- [http-nio-8090-exec-1] com.whs.Aop.logAop                       : --------doAfter--------
2023-01-29 15:56:44.771  INFO 23240 --- [restartedMain] com.whs.BlogApplication                  : Starting BlogApplication using Java 1.8.0_341 on LAPTOP-GO4PRNTQ with PID 23240 (D:\IDEA\blog\target\classes started by 86157 in D:\IDEA\blog)
2023-01-29 15:56:44.773 DEBUG 23240 --- [restartedMain] com.whs.BlogApplication                  : Running with Spring Boot v2.6.11, Spring v5.3.22
2023-01-29 15:56:44.774  INFO 23240 --- [restartedMain] com.whs.BlogApplication                  : No active profile set, falling back to 1 default profile: "default"
2023-01-29 15:56:44.850  INFO 23240 --- [restartedMain] .e.DevToolsPropertyDefaultsPostProcessor : Devtools property defaults active! Set 'spring.devtools.add-properties' to 'false' to disable
2023-01-29 15:56:44.851  INFO 23240 --- [restartedMain] .e.DevToolsPropertyDefaultsPostProcessor : For additional web related logging consider setting the 'logging.level.web' property to 'DEBUG'
2023-01-29 15:56:45.767  INFO 23240 --- [restartedMain] .s.d.r.c.RepositoryConfigurationDelegate : Bootstrapping Spring Data JPA repositories in DEFAULT mode.
2023-01-29 15:56:45.856  INFO 23240 --- [restartedMain] .s.d.r.c.RepositoryConfigurationDelegate : Finished Spring Data repository scanning in 79 ms. Found 6 JPA repository interfaces.
2023-01-29 15:56:46.622  INFO 23240 --- [restartedMain] o.s.b.w.embedded.tomcat.TomcatWebServer  : Tomcat initialized with port(s): 8090 (http)
2023-01-29 15:56:46.623  INFO 23240 --- [restartedMain] o.a.catalina.core.AprLifecycleListener   : Loaded Apache Tomcat Native library [1.2.35] using APR version [1.7.0].
2023-01-29 15:56:46.624  INFO 23240 --- [restartedMain] o.a.catalina.core.AprLifecycleListener   : APR capabilities: IPv6 [true], sendfile [true], accept filters [false], random [true], UDS [true].
2023-01-29 15:56:46.624  INFO 23240 --- [restartedMain] o.a.catalina.core.AprLifecycleListener   : APR/OpenSSL configuration: useAprConnector [false], useOpenSSL [true]
2023-01-29 15:56:46.627  INFO 23240 --- [restartedMain] o.a.catalina.core.AprLifecycleListener   : OpenSSL successfully initialized [OpenSSL 1.1.1q  5 Jul 2022]
2023-01-29 15:56:46.635  INFO 23240 --- [restartedMain] o.apache.catalina.core.StandardService   : Starting service [Tomcat]
2023-01-29 15:56:46.635  INFO 23240 --- [restartedMain] org.apache.catalina.core.StandardEngine  : Starting Servlet engine: [Apache Tomcat/9.0.65]
2023-01-29 15:56:46.761  INFO 23240 --- [restartedMain] o.a.c.c.C.[Tomcat].[localhost].[/]       : Initializing Spring embedded WebApplicationContext
2023-01-29 15:56:46.762  INFO 23240 --- [restartedMain] w.s.c.ServletWebServerApplicationContext : Root WebApplicationContext: initialization completed in 1909 ms
2023-01-29 15:56:46.916  INFO 23240 --- [restartedMain] o.hibernate.jpa.internal.util.LogHelper  : HHH000204: Processing PersistenceUnitInfo [name: default]
2023-01-29 15:56:46.954  INFO 23240 --- [restartedMain] org.hibernate.Version                    : HHH000412: Hibernate ORM core version 5.6.10.Final
2023-01-29 15:56:47.054  INFO 23240 --- [restartedMain] o.hibernate.annotations.common.Version   : HCANN000001: Hibernate Commons Annotations {5.1.2.Final}
2023-01-29 15:56:47.126  INFO 23240 --- [restartedMain] com.zaxxer.hikari.HikariDataSource       : defaultDataSource - Starting...
2023-01-29 15:56:47.653  INFO 23240 --- [restartedMain] com.zaxxer.hikari.HikariDataSource       : defaultDataSource - Start completed.
2023-01-29 15:56:47.663  INFO 23240 --- [restartedMain] org.hibernate.dialect.Dialect            : HHH000400: Using dialect: org.hibernate.dialect.MySQL57Dialect
2023-01-29 15:56:48.434  INFO 23240 --- [restartedMain] o.h.e.t.j.p.i.JtaPlatformInitiator       : HHH000490: Using JtaPlatform implementation: [org.hibernate.engine.transaction.jta.platform.internal.NoJtaPlatform]
2023-01-29 15:56:48.441  INFO 23240 --- [restartedMain] j.LocalContainerEntityManagerFactoryBean : Initialized JPA EntityManagerFactory for persistence unit 'default'
2023-01-29 15:56:49.687  WARN 23240 --- [restartedMain] JpaBaseConfiguration$JpaWebConfiguration : spring.jpa.open-in-view is enabled by default. Therefore, database queries may be performed during view rendering. Explicitly configure spring.jpa.open-in-view to disable this warning
2023-01-29 15:56:49.970  INFO 23240 --- [restartedMain] o.s.b.a.w.s.WelcomePageHandlerMapping    : Adding welcome page template: index
2023-01-29 15:56:50.048  WARN 23240 --- [restartedMain] org.thymeleaf.templatemode.TemplateMode  : [THYMELEAF][restartedMain] Template Mode 'HTML5' is deprecated. Using Template Mode 'HTML' instead.
2023-01-29 15:56:50.414  INFO 23240 --- [restartedMain] o.s.b.d.a.OptionalLiveReloadServer       : LiveReload server is running on port 35729
2023-01-29 15:56:50.494  INFO 23240 --- [restartedMain] o.s.b.w.embedded.tomcat.TomcatWebServer  : Tomcat started on port(s): 8090 (http) with context path ''
2023-01-29 15:56:50.506  INFO 23240 --- [restartedMain] com.whs.BlogApplication                  : Started BlogApplication in 6.568 seconds (JVM running for 7.979)
2023-01-29 15:56:57.602  INFO 23240 --- [http-nio-8090-exec-1] o.a.c.c.C.[Tomcat].[localhost].[/]       : Initializing Spring DispatcherServlet 'dispatcherServlet'
2023-01-29 15:56:57.602  INFO 23240 --- [http-nio-8090-exec-1] o.s.web.servlet.DispatcherServlet        : Initializing Servlet 'dispatcherServlet'
2023-01-29 15:56:57.604  INFO 23240 --- [http-nio-8090-exec-1] o.s.web.servlet.DispatcherServlet        : Completed initialization in 1 ms
2023-01-29 15:57:02.802  INFO 23240 --- [http-nio-8090-exec-5] com.whs.Aop.logAop                       : Request :{}RequestLog{url='http://localhost:8090/', ip='0:0:0:0:0:0:0:1', classMethod='com.whs.web.IdexController.index', args=[Page request [number: 0, size 8, sort: updateTime: DESC], {}]}
2023-01-29 15:57:02.828  WARN 23240 --- [http-nio-8090-exec-5] org.hibernate.orm.deprecation            : HHH90000016: Found use of deprecated 'collection property' syntax in HQL/JPQL query [t.blogs.size]; use collection function syntax instead [size(t.blogs)].
2023-01-29 15:57:02.889  WARN 23240 --- [http-nio-8090-exec-5] org.hibernate.orm.deprecation            : HHH90000016: Found use of deprecated 'collection property' syntax in HQL/JPQL query [t.blogs.size]; use collection function syntax instead [size(t.blogs)].
2023-01-29 15:57:02.964  INFO 23240 --- [http-nio-8090-exec-5] com.whs.Aop.logAop                       : Result: {}index
2023-01-29 15:57:02.964  INFO 23240 --- [http-nio-8090-exec-5] com.whs.Aop.logAop                       : --------doAfter--------
2023-01-29 16:05:50.928  INFO 23240 --- [http-nio-8090-exec-8] com.whs.Aop.logAop                       : Request :{}RequestLog{url='http://localhost:8090/OJ/1', ip='0:0:0:0:0:0:0:1', classMethod='com.whs.web.OJController.one', args=[1, {}]}
2023-01-29 16:05:50.992  INFO 23240 --- [http-nio-8090-exec-8] com.whs.Aop.logAop                       : Result: {}problem
2023-01-29 16:05:50.992  INFO 23240 --- [http-nio-8090-exec-8] com.whs.Aop.logAop                       : --------doAfter--------
